{"C:\\Users\\ornit\\Documents\\EscApp\\Git\\EscApp\\backend\\src\\app.controller.ts": {"path":"C:\\Users\\ornit\\Documents\\EscApp\\Git\\EscApp\\backend\\src\\app.controller.ts","statementMap":{"0":{"start":{"line":1,"column":0},"end":{"line":1,"column":49}},"1":{"start":{"line":2,"column":0},"end":{"line":2,"column":43}},"2":{"start":{"line":5,"column":7},"end":{"line":12,"column":null}},"3":{"start":{"line":6,"column":31},"end":{"line":6,"column":43}},"4":{"start":{"line":10,"column":4},"end":{"line":10,"column":38}},"5":{"start":{"line":5,"column":13},"end":{"line":5,"column":26}},"6":{"start":{"line":9,"column":2},"end":{"line":11,"column":null}},"7":{"start":{"line":5,"column":13},"end":{"line":12,"column":null}}},"fnMap":{"0":{"name":"(anonymous_2)","decl":{"start":{"line":6,"column":2},"end":{"line":6,"column":31}},"loc":{"start":{"line":6,"column":53},"end":{"line":6,"column":57}}},"1":{"name":"(anonymous_3)","decl":{"start":{"line":9,"column":2},"end":{"line":9,"column":10}},"loc":{"start":{"line":9,"column":10},"end":{"line":11,"column":3}}}},"branchMap":{"0":{"loc":{"start":{"line":6,"column":43},"end":{"line":6,"column":56}},"type":"cond-expr","locations":[{"start":{"line":6,"column":53},"end":{"line":6,"column":56}},{"start":{"line":6,"column":53},"end":{"line":6,"column":56}}]},"1":{"loc":{"start":{"line":6,"column":43},"end":{"line":6,"column":53}},"type":"binary-expr","locations":[{"start":{"line":6,"column":43},"end":{"line":6,"column":56}},{"start":{"line":6,"column":43},"end":{"line":6,"column":53}}]}},"s":{"0":1,"1":1,"2":1,"3":1,"4":1,"5":1,"6":1,"7":1},"f":{"0":1,"1":1},"b":{"0":[1,0],"1":[1,1]}}
,"C:\\Users\\ornit\\Documents\\EscApp\\Git\\EscApp\\backend\\src\\app.module.ts": {"path":"C:\\Users\\ornit\\Documents\\EscApp\\Git\\EscApp\\backend\\src\\app.module.ts","statementMap":{"0":{"start":{"line":1,"column":0},"end":{"line":1,"column":40}},"1":{"start":{"line":2,"column":0},"end":{"line":2,"column":46}},"2":{"start":{"line":3,"column":0},"end":{"line":3,"column":57}},"3":{"start":{"line":4,"column":0},"end":{"line":4,"column":28}},"4":{"start":{"line":5,"column":0},"end":{"line":5,"column":49}},"5":{"start":{"line":6,"column":0},"end":{"line":6,"column":43}},"6":{"start":{"line":7,"column":0},"end":{"line":7,"column":48}},"7":{"start":{"line":8,"column":0},"end":{"line":8,"column":54}},"8":{"start":{"line":9,"column":0},"end":{"line":9,"column":51}},"9":{"start":{"line":10,"column":0},"end":{"line":10,"column":71}},"10":{"start":{"line":27,"column":7},"end":{"line":27,"column":null}},"11":{"start":{"line":27,"column":13},"end":{"line":27,"column":22}},"12":{"start":{"line":27,"column":13},"end":{"line":27,"column":null}}},"fnMap":{},"branchMap":{},"s":{"0":0,"1":0,"2":0,"3":0,"4":0,"5":0,"6":0,"7":0,"8":0,"9":0,"10":0,"11":0,"12":0},"f":{},"b":{}}
,"C:\\Users\\ornit\\Documents\\EscApp\\Git\\EscApp\\backend\\src\\app.service.ts": {"path":"C:\\Users\\ornit\\Documents\\EscApp\\Git\\EscApp\\backend\\src\\app.service.ts","statementMap":{"0":{"start":{"line":1,"column":0},"end":{"line":1,"column":44}},"1":{"start":{"line":4,"column":7},"end":{"line":8,"column":null}},"2":{"start":{"line":6,"column":4},"end":{"line":6,"column":26}},"3":{"start":{"line":4,"column":13},"end":{"line":4,"column":23}},"4":{"start":{"line":4,"column":13},"end":{"line":8,"column":null}}},"fnMap":{"0":{"name":"(anonymous_1)","decl":{"start":{"line":5,"column":2},"end":{"line":5,"column":10}},"loc":{"start":{"line":5,"column":10},"end":{"line":7,"column":3}}}},"branchMap":{},"s":{"0":1,"1":1,"2":1,"3":1,"4":1},"f":{"0":1},"b":{}}
,"C:\\Users\\ornit\\Documents\\EscApp\\Git\\EscApp\\backend\\src\\game-states.enum.ts": {"path":"C:\\Users\\ornit\\Documents\\EscApp\\Git\\EscApp\\backend\\src\\game-states.enum.ts","statementMap":{"0":{"start":{"line":1,"column":13},"end":{"line":10,"column":11}}},"fnMap":{},"branchMap":{},"s":{"0":0},"f":{},"b":{}}
,"C:\\Users\\ornit\\Documents\\EscApp\\Git\\EscApp\\backend\\src\\main.ts": {"path":"C:\\Users\\ornit\\Documents\\EscApp\\Git\\EscApp\\backend\\src\\main.ts","statementMap":{"0":{"start":{"line":1,"column":0},"end":{"line":1,"column":48}},"1":{"start":{"line":2,"column":0},"end":{"line":2,"column":43}},"2":{"start":{"line":3,"column":0},"end":{"line":3,"column":41}},"3":{"start":{"line":6,"column":14},"end":{"line":6,"column":49}},"4":{"start":{"line":7,"column":2},"end":{"line":7,"column":19}},"5":{"start":{"line":8,"column":2},"end":{"line":8,"column":79}},"6":{"start":{"line":9,"column":2},"end":{"line":9,"column":45}},"7":{"start":{"line":11,"column":0},"end":{"line":11,"column":12}}},"fnMap":{"0":{"name":"bootstrap","decl":{"start":{"line":5,"column":15},"end":{"line":5,"column":24}},"loc":{"start":{"line":5,"column":24},"end":{"line":10,"column":1}}}},"branchMap":{"0":{"loc":{"start":{"line":9,"column":19},"end":{"line":9,"column":43}},"type":"binary-expr","locations":[{"start":{"line":9,"column":19},"end":{"line":9,"column":35}},{"start":{"line":9,"column":39},"end":{"line":9,"column":43}}]}},"s":{"0":0,"1":0,"2":0,"3":0,"4":0,"5":0,"6":0,"7":0},"f":{"0":0},"b":{"0":[0,0]}}
,"C:\\Users\\ornit\\Documents\\EscApp\\Git\\EscApp\\backend\\src\\admin\\admin.controller.ts": {"path":"C:\\Users\\ornit\\Documents\\EscApp\\Git\\EscApp\\backend\\src\\admin\\admin.controller.ts","statementMap":{"0":{"start":{"line":1,"column":0},"end":{"line":1,"column":93}},"1":{"start":{"line":2,"column":0},"end":{"line":2,"column":47}},"2":{"start":{"line":3,"column":0},"end":{"line":3,"column":54}},"3":{"start":{"line":4,"column":0},"end":{"line":4,"column":49}},"4":{"start":{"line":5,"column":0},"end":{"line":5,"column":48}},"5":{"start":{"line":6,"column":0},"end":{"line":6,"column":41}},"6":{"start":{"line":7,"column":0},"end":{"line":7,"column":63}},"7":{"start":{"line":12,"column":7},"end":{"line":39,"column":null}},"8":{"start":{"line":13,"column":31},"end":{"line":13,"column":45}},"9":{"start":{"line":17,"column":4},"end":{"line":17,"column":41}},"10":{"start":{"line":22,"column":4},"end":{"line":22,"column":45}},"11":{"start":{"line":27,"column":4},"end":{"line":27,"column":65}},"12":{"start":{"line":32,"column":4},"end":{"line":32,"column":44}},"13":{"start":{"line":37,"column":4},"end":{"line":37,"column":46}},"14":{"start":{"line":12,"column":13},"end":{"line":12,"column":28}},"15":{"start":{"line":16,"column":8},"end":{"line":18,"column":null}},"16":{"start":{"line":21,"column":8},"end":{"line":23,"column":null}},"17":{"start":{"line":26,"column":8},"end":{"line":28,"column":null}},"18":{"start":{"line":31,"column":8},"end":{"line":33,"column":null}},"19":{"start":{"line":36,"column":8},"end":{"line":38,"column":null}},"20":{"start":{"line":12,"column":13},"end":{"line":39,"column":null}}},"fnMap":{"0":{"name":"(anonymous_4)","decl":{"start":{"line":13,"column":2},"end":{"line":13,"column":31}},"loc":{"start":{"line":13,"column":57},"end":{"line":13,"column":61}}},"1":{"name":"(anonymous_5)","decl":{"start":{"line":16,"column":8},"end":{"line":16,"column":17}},"loc":{"start":{"line":16,"column":17},"end":{"line":18,"column":3}}},"2":{"name":"(anonymous_6)","decl":{"start":{"line":21,"column":8},"end":{"line":21,"column":15}},"loc":{"start":{"line":21,"column":39},"end":{"line":23,"column":3}}},"3":{"name":"(anonymous_7)","decl":{"start":{"line":26,"column":8},"end":{"line":26,"column":22}},"loc":{"start":{"line":26,"column":78},"end":{"line":28,"column":3}}},"4":{"name":"(anonymous_8)","decl":{"start":{"line":31,"column":8},"end":{"line":31,"column":18}},"loc":{"start":{"line":31,"column":42},"end":{"line":33,"column":3}}},"5":{"name":"(anonymous_9)","decl":{"start":{"line":36,"column":8},"end":{"line":36,"column":16}},"loc":{"start":{"line":36,"column":16},"end":{"line":38,"column":3}}}},"branchMap":{"0":{"loc":{"start":{"line":26,"column":61},"end":{"line":26,"column":null}},"type":"cond-expr","locations":[{"start":{"line":26,"column":78},"end":{"line":26,"column":null}},{"start":{"line":26,"column":78},"end":{"line":26,"column":null}}]},"1":{"loc":{"start":{"line":26,"column":61},"end":{"line":26,"column":78}},"type":"binary-expr","locations":[{"start":{"line":26,"column":61},"end":{"line":26,"column":null}},{"start":{"line":26,"column":61},"end":{"line":26,"column":78}}]},"2":{"loc":{"start":{"line":13,"column":45},"end":{"line":13,"column":60}},"type":"cond-expr","locations":[{"start":{"line":13,"column":57},"end":{"line":13,"column":60}},{"start":{"line":13,"column":57},"end":{"line":13,"column":60}}]},"3":{"loc":{"start":{"line":13,"column":45},"end":{"line":13,"column":57}},"type":"binary-expr","locations":[{"start":{"line":13,"column":45},"end":{"line":13,"column":60}},{"start":{"line":13,"column":45},"end":{"line":13,"column":57}}]}},"s":{"0":0,"1":0,"2":0,"3":0,"4":0,"5":0,"6":0,"7":0,"8":0,"9":0,"10":0,"11":0,"12":0,"13":0,"14":0,"15":0,"16":0,"17":0,"18":0,"19":0,"20":0},"f":{"0":0,"1":0,"2":0,"3":0,"4":0,"5":0},"b":{"0":[0,0],"1":[0,0],"2":[0,0],"3":[0,0]}}
,"C:\\Users\\ornit\\Documents\\EscApp\\Git\\EscApp\\backend\\src\\admin\\admin.module.ts": {"path":"C:\\Users\\ornit\\Documents\\EscApp\\Git\\EscApp\\backend\\src\\admin\\admin.module.ts","statementMap":{"0":{"start":{"line":1,"column":0},"end":{"line":1,"column":40}},"1":{"start":{"line":2,"column":0},"end":{"line":2,"column":50}},"2":{"start":{"line":3,"column":0},"end":{"line":3,"column":53}},"3":{"start":{"line":4,"column":0},"end":{"line":4,"column":47}},"4":{"start":{"line":5,"column":0},"end":{"line":5,"column":54}},"5":{"start":{"line":6,"column":0},"end":{"line":6,"column":49}},"6":{"start":{"line":7,"column":0},"end":{"line":7,"column":55}},"7":{"start":{"line":14,"column":7},"end":{"line":14,"column":null}},"8":{"start":{"line":14,"column":13},"end":{"line":14,"column":24}},"9":{"start":{"line":14,"column":13},"end":{"line":14,"column":null}}},"fnMap":{},"branchMap":{},"s":{"0":0,"1":0,"2":0,"3":0,"4":0,"5":0,"6":0,"7":0,"8":0,"9":0},"f":{},"b":{}}
,"C:\\Users\\ornit\\Documents\\EscApp\\Git\\EscApp\\backend\\src\\admin\\admin.service.ts": {"path":"C:\\Users\\ornit\\Documents\\EscApp\\Git\\EscApp\\backend\\src\\admin\\admin.service.ts","statementMap":{"0":{"start":{"line":1,"column":0},"end":{"line":1,"column":44}},"1":{"start":{"line":3,"column":0},"end":{"line":3,"column":57}},"2":{"start":{"line":6,"column":7},"end":{"line":58,"column":null}},"3":{"start":{"line":7,"column":31},"end":{"line":7,"column":39}},"4":{"start":{"line":10,"column":4},"end":{"line":19,"column":7}},"5":{"start":{"line":23,"column":4},"end":{"line":33,"column":7}},"6":{"start":{"line":37,"column":4},"end":{"line":40,"column":7}},"7":{"start":{"line":44,"column":4},"end":{"line":46,"column":7}},"8":{"start":{"line":50,"column":46},"end":{"line":55,"column":6}},"9":{"start":{"line":56,"column":4},"end":{"line":56,"column":47}},"10":{"start":{"line":6,"column":13},"end":{"line":6,"column":25}},"11":{"start":{"line":6,"column":13},"end":{"line":58,"column":null}}},"fnMap":{"0":{"name":"(anonymous_2)","decl":{"start":{"line":7,"column":2},"end":{"line":7,"column":31}},"loc":{"start":{"line":7,"column":52},"end":{"line":7,"column":56}}},"1":{"name":"(anonymous_3)","decl":{"start":{"line":9,"column":2},"end":{"line":9,"column":7}},"loc":{"start":{"line":9,"column":17},"end":{"line":20,"column":3}}},"2":{"name":"(anonymous_4)","decl":{"start":{"line":22,"column":2},"end":{"line":22,"column":7}},"loc":{"start":{"line":22,"column":30},"end":{"line":34,"column":3}}},"3":{"name":"(anonymous_5)","decl":{"start":{"line":36,"column":2},"end":{"line":36,"column":7}},"loc":{"start":{"line":36,"column":51},"end":{"line":41,"column":3}}},"4":{"name":"(anonymous_6)","decl":{"start":{"line":43,"column":2},"end":{"line":43,"column":7}},"loc":{"start":{"line":43,"column":29},"end":{"line":47,"column":3}}},"5":{"name":"(anonymous_7)","decl":{"start":{"line":49,"column":2},"end":{"line":49,"column":7}},"loc":{"start":{"line":49,"column":22},"end":{"line":57,"column":3}}}},"branchMap":{"0":{"loc":{"start":{"line":7,"column":39},"end":{"line":7,"column":55}},"type":"cond-expr","locations":[{"start":{"line":7,"column":52},"end":{"line":7,"column":55}},{"start":{"line":7,"column":52},"end":{"line":7,"column":55}}]},"1":{"loc":{"start":{"line":7,"column":39},"end":{"line":7,"column":52}},"type":"binary-expr","locations":[{"start":{"line":7,"column":39},"end":{"line":7,"column":55}},{"start":{"line":7,"column":39},"end":{"line":7,"column":52}}]}},"s":{"0":0,"1":0,"2":0,"3":0,"4":0,"5":0,"6":0,"7":0,"8":0,"9":0,"10":0,"11":0},"f":{"0":0,"1":0,"2":0,"3":0,"4":0,"5":0},"b":{"0":[0,0],"1":[0,0]}}
,"C:\\Users\\ornit\\Documents\\EscApp\\Git\\EscApp\\backend\\src\\admin\\dto\\update-user-role.dto.ts": {"path":"C:\\Users\\ornit\\Documents\\EscApp\\Git\\EscApp\\backend\\src\\admin\\dto\\update-user-role.dto.ts","statementMap":{"0":{"start":{"line":1,"column":0},"end":{"line":1,"column":41}},"1":{"start":{"line":2,"column":0},"end":{"line":2,"column":44}},"2":{"start":{"line":4,"column":0},"end":{"line":4,"column":13}},"3":{"start":{"line":6,"column":2},"end":{"line":6,"column":null}}},"fnMap":{},"branchMap":{"0":{"loc":{"start":{"line":6,"column":9},"end":{"line":6,"column":14}},"type":"cond-expr","locations":[{"start":{"line":6,"column":13},"end":{"line":6,"column":14}},{"start":{"line":6,"column":13},"end":{"line":6,"column":14}}]},"1":{"loc":{"start":{"line":6,"column":9},"end":{"line":6,"column":13}},"type":"binary-expr","locations":[{"start":{"line":6,"column":9},"end":{"line":6,"column":14}},{"start":{"line":6,"column":9},"end":{"line":6,"column":13}}]}},"s":{"0":0,"1":0,"2":0,"3":0},"f":{},"b":{"0":[0,0],"1":[0,0]}}
,"C:\\Users\\ornit\\Documents\\EscApp\\Git\\EscApp\\backend\\src\\auth\\auth.controller.ts": {"path":"C:\\Users\\ornit\\Documents\\EscApp\\Git\\EscApp\\backend\\src\\auth\\auth.controller.ts","statementMap":{"0":{"start":{"line":1,"column":0},"end":{"line":1,"column":107}},"1":{"start":{"line":2,"column":0},"end":{"line":2,"column":45}},"2":{"start":{"line":3,"column":0},"end":{"line":3,"column":51}},"3":{"start":{"line":4,"column":0},"end":{"line":4,"column":43}},"4":{"start":{"line":5,"column":0},"end":{"line":5,"column":58}},"5":{"start":{"line":6,"column":0},"end":{"line":6,"column":48}},"6":{"start":{"line":7,"column":0},"end":{"line":7,"column":42}},"7":{"start":{"line":8,"column":0},"end":{"line":8,"column":43}},"8":{"start":{"line":9,"column":0},"end":{"line":9,"column":35}},"9":{"start":{"line":12,"column":7},"end":{"line":61,"column":null}},"10":{"start":{"line":13,"column":31},"end":{"line":13,"column":44}},"11":{"start":{"line":17,"column":17},"end":{"line":17,"column":53}},"12":{"start":{"line":18,"column":4},"end":{"line":18,"column":80}},"13":{"start":{"line":23,"column":17},"end":{"line":23,"column":77}},"14":{"start":{"line":24,"column":4},"end":{"line":26,"column":5}},"15":{"start":{"line":25,"column":6},"end":{"line":25,"column":61}},"16":{"start":{"line":27,"column":4},"end":{"line":27,"column":70}},"17":{"start":{"line":32,"column":20},"end":{"line":32,"column":79}},"18":{"start":{"line":33,"column":4},"end":{"line":33,"column":73}},"19":{"start":{"line":39,"column":4},"end":{"line":44,"column":6}},"20":{"start":{"line":51,"column":18},"end":{"line":51,"column":54}},"21":{"start":{"line":52,"column":4},"end":{"line":52,"column":103}},"22":{"start":{"line":52,"column":32},"end":{"line":52,"column":100}},"23":{"start":{"line":58,"column":4},"end":{"line":58,"column":51}},"24":{"start":{"line":59,"column":4},"end":{"line":59,"column":31}},"25":{"start":{"line":12,"column":13},"end":{"line":12,"column":27}},"26":{"start":{"line":16,"column":8},"end":{"line":19,"column":null}},"27":{"start":{"line":22,"column":8},"end":{"line":28,"column":null}},"28":{"start":{"line":31,"column":8},"end":{"line":34,"column":null}},"29":{"start":{"line":38,"column":8},"end":{"line":45,"column":null}},"30":{"start":{"line":50,"column":8},"end":{"line":53,"column":null}},"31":{"start":{"line":57,"column":8},"end":{"line":60,"column":null}},"32":{"start":{"line":12,"column":13},"end":{"line":61,"column":null}}},"fnMap":{"0":{"name":"(anonymous_4)","decl":{"start":{"line":13,"column":2},"end":{"line":13,"column":31}},"loc":{"start":{"line":13,"column":55},"end":{"line":13,"column":59}}},"1":{"name":"(anonymous_5)","decl":{"start":{"line":16,"column":8},"end":{"line":16,"column":16}},"loc":{"start":{"line":16,"column":43},"end":{"line":19,"column":3}}},"2":{"name":"(anonymous_6)","decl":{"start":{"line":22,"column":8},"end":{"line":22,"column":13}},"loc":{"start":{"line":22,"column":35},"end":{"line":28,"column":3}}},"3":{"name":"(anonymous_7)","decl":{"start":{"line":31,"column":8},"end":{"line":31,"column":15}},"loc":{"start":{"line":31,"column":44},"end":{"line":34,"column":3}}},"4":{"name":"(anonymous_8)","decl":{"start":{"line":38,"column":8},"end":{"line":38,"column":18}},"loc":{"start":{"line":38,"column":34},"end":{"line":45,"column":3}}},"5":{"name":"(anonymous_9)","decl":{"start":{"line":50,"column":8},"end":{"line":50,"column":19}},"loc":{"start":{"line":50,"column":19},"end":{"line":53,"column":3}}},"6":{"name":"(anonymous_10)","decl":{"start":{"line":52,"column":21},"end":{"line":52,"column":22}},"loc":{"start":{"line":52,"column":32},"end":{"line":52,"column":100}}},"7":{"name":"(anonymous_11)","decl":{"start":{"line":57,"column":8},"end":{"line":57,"column":14}},"loc":{"start":{"line":57,"column":30},"end":{"line":60,"column":3}}}},"branchMap":{"0":{"loc":{"start":{"line":24,"column":4},"end":{"line":26,"column":5}},"type":"if","locations":[{"start":{"line":24,"column":4},"end":{"line":26,"column":5}},{"start":{},"end":{}}]},"1":{"loc":{"start":{"line":16,"column":30},"end":{"line":16,"column":null}},"type":"cond-expr","locations":[{"start":{"line":16,"column":43},"end":{"line":16,"column":null}},{"start":{"line":16,"column":43},"end":{"line":16,"column":null}}]},"2":{"loc":{"start":{"line":16,"column":30},"end":{"line":16,"column":43}},"type":"binary-expr","locations":[{"start":{"line":16,"column":30},"end":{"line":16,"column":null}},{"start":{"line":16,"column":30},"end":{"line":16,"column":43}}]},"3":{"loc":{"start":{"line":22,"column":27},"end":{"line":22,"column":null}},"type":"cond-expr","locations":[{"start":{"line":22,"column":35},"end":{"line":22,"column":null}},{"start":{"line":22,"column":35},"end":{"line":22,"column":null}}]},"4":{"loc":{"start":{"line":22,"column":27},"end":{"line":22,"column":35}},"type":"binary-expr","locations":[{"start":{"line":22,"column":27},"end":{"line":22,"column":null}},{"start":{"line":22,"column":27},"end":{"line":22,"column":35}}]},"5":{"loc":{"start":{"line":31,"column":29},"end":{"line":31,"column":null}},"type":"cond-expr","locations":[{"start":{"line":31,"column":44},"end":{"line":31,"column":null}},{"start":{"line":31,"column":44},"end":{"line":31,"column":null}}]},"6":{"loc":{"start":{"line":31,"column":29},"end":{"line":31,"column":44}},"type":"binary-expr","locations":[{"start":{"line":31,"column":29},"end":{"line":31,"column":null}},{"start":{"line":31,"column":29},"end":{"line":31,"column":44}}]},"7":{"loc":{"start":{"line":13,"column":44},"end":{"line":13,"column":58}},"type":"cond-expr","locations":[{"start":{"line":13,"column":55},"end":{"line":13,"column":58}},{"start":{"line":13,"column":55},"end":{"line":13,"column":58}}]},"8":{"loc":{"start":{"line":13,"column":44},"end":{"line":13,"column":55}},"type":"binary-expr","locations":[{"start":{"line":13,"column":44},"end":{"line":13,"column":58}},{"start":{"line":13,"column":44},"end":{"line":13,"column":55}}]}},"s":{"0":0,"1":0,"2":0,"3":0,"4":0,"5":0,"6":0,"7":0,"8":0,"9":0,"10":0,"11":0,"12":0,"13":0,"14":0,"15":0,"16":0,"17":0,"18":0,"19":0,"20":0,"21":0,"22":0,"23":0,"24":0,"25":0,"26":0,"27":0,"28":0,"29":0,"30":0,"31":0,"32":0},"f":{"0":0,"1":0,"2":0,"3":0,"4":0,"5":0,"6":0,"7":0},"b":{"0":[0,0],"1":[0,0],"2":[0,0],"3":[0,0],"4":[0,0],"5":[0,0],"6":[0,0],"7":[0,0],"8":[0,0]}}
,"C:\\Users\\ornit\\Documents\\EscApp\\Git\\EscApp\\backend\\src\\auth\\auth.module.ts": {"path":"C:\\Users\\ornit\\Documents\\EscApp\\Git\\EscApp\\backend\\src\\auth\\auth.module.ts","statementMap":{"0":{"start":{"line":1,"column":0},"end":{"line":1,"column":40}},"1":{"start":{"line":2,"column":0},"end":{"line":2,"column":40}},"2":{"start":{"line":3,"column":0},"end":{"line":3,"column":50}},"3":{"start":{"line":4,"column":0},"end":{"line":4,"column":47}},"4":{"start":{"line":5,"column":0},"end":{"line":5,"column":45}},"5":{"start":{"line":6,"column":0},"end":{"line":6,"column":51}},"6":{"start":{"line":7,"column":0},"end":{"line":7,"column":45}},"7":{"start":{"line":8,"column":0},"end":{"line":8,"column":55}},"8":{"start":{"line":9,"column":0},"end":{"line":9,"column":43}},"9":{"start":{"line":32,"column":7},"end":{"line":32,"column":null}},"10":{"start":{"line":32,"column":13},"end":{"line":32,"column":23}},"11":{"start":{"line":32,"column":13},"end":{"line":32,"column":null}},"12":{"start":{"line":17,"column":26},"end":{"line":17,"column":91}},"13":{"start":{"line":18,"column":8},"end":{"line":23,"column":10}}},"fnMap":{"0":{"name":"(anonymous_1)","decl":{"start":{"line":16,"column":18},"end":{"line":16,"column":23}},"loc":{"start":{"line":16,"column":57},"end":{"line":24,"column":7}}}},"branchMap":{"0":{"loc":{"start":{"line":17,"column":26},"end":{"line":17,"column":91}},"type":"binary-expr","locations":[{"start":{"line":17,"column":26},"end":{"line":17,"column":82}},{"start":{"line":17,"column":86},"end":{"line":17,"column":91}}]},"1":{"loc":{"start":{"line":19,"column":18},"end":{"line":19,"column":89}},"type":"binary-expr","locations":[{"start":{"line":19,"column":18},"end":{"line":19,"column":70}},{"start":{"line":19,"column":74},"end":{"line":19,"column":89}}]}},"s":{"0":0,"1":0,"2":0,"3":0,"4":0,"5":0,"6":0,"7":0,"8":0,"9":0,"10":0,"11":0,"12":0,"13":0},"f":{"0":0},"b":{"0":[0,0],"1":[0,0]}}
,"C:\\Users\\ornit\\Documents\\EscApp\\Git\\EscApp\\backend\\src\\auth\\auth.service.ts": {"path":"C:\\Users\\ornit\\Documents\\EscApp\\Git\\EscApp\\backend\\src\\auth\\auth.service.ts","statementMap":{"0":{"start":{"line":1,"column":0},"end":{"line":1,"column":67}},"1":{"start":{"line":2,"column":0},"end":{"line":2,"column":41}},"2":{"start":{"line":3,"column":0},"end":{"line":3,"column":47}},"3":{"start":{"line":4,"column":0},"end":{"line":4,"column":33}},"4":{"start":{"line":5,"column":0},"end":{"line":5,"column":57}},"5":{"start":{"line":9,"column":7},"end":{"line":119,"column":null}},"6":{"start":{"line":11,"column":21},"end":{"line":11,"column":29}},"7":{"start":{"line":12,"column":21},"end":{"line":12,"column":33}},"8":{"start":{"line":13,"column":21},"end":{"line":13,"column":36}},"9":{"start":{"line":17,"column":25},"end":{"line":19,"column":6}},"10":{"start":{"line":20,"column":4},"end":{"line":22,"column":5}},"11":{"start":{"line":21,"column":6},"end":{"line":21,"column":69}},"12":{"start":{"line":24,"column":25},"end":{"line":24,"column":70}},"13":{"start":{"line":25,"column":4},"end":{"line":31,"column":7}},"14":{"start":{"line":35,"column":17},"end":{"line":37,"column":6}},"15":{"start":{"line":38,"column":4},"end":{"line":40,"column":5}},"16":{"start":{"line":39,"column":6},"end":{"line":39,"column":18}},"17":{"start":{"line":42,"column":28},"end":{"line":42,"column":73}},"18":{"start":{"line":43,"column":4},"end":{"line":45,"column":5}},"19":{"start":{"line":44,"column":6},"end":{"line":44,"column":18}},"20":{"start":{"line":47,"column":4},"end":{"line":47,"column":16}},"21":{"start":{"line":51,"column":19},"end":{"line":51,"column":60}},"22":{"start":{"line":52,"column":4},"end":{"line":52,"column":65}},"23":{"start":{"line":53,"column":4},"end":{"line":53,"column":18}},"24":{"start":{"line":57,"column":4},"end":{"line":57,"column":39}},"25":{"start":{"line":61,"column":17},"end":{"line":63,"column":6}},"26":{"start":{"line":64,"column":4},"end":{"line":66,"column":5}},"27":{"start":{"line":65,"column":6},"end":{"line":65,"column":63}},"28":{"start":{"line":68,"column":32},"end":{"line":68,"column":91}},"29":{"start":{"line":69,"column":4},"end":{"line":71,"column":5}},"30":{"start":{"line":70,"column":6},"end":{"line":70,"column":63}},"31":{"start":{"line":73,"column":19},"end":{"line":73,"column":60}},"32":{"start":{"line":74,"column":4},"end":{"line":74,"column":65}},"33":{"start":{"line":75,"column":4},"end":{"line":75,"column":18}},"34":{"start":{"line":79,"column":4},"end":{"line":85,"column":5}},"35":{"start":{"line":80,"column":6},"end":{"line":82,"column":9}},"36":{"start":{"line":84,"column":6},"end":{"line":84,"column":63}},"37":{"start":{"line":89,"column":4},"end":{"line":92,"column":7}},"38":{"start":{"line":96,"column":20},"end":{"line":96,"column":42}},"39":{"start":{"line":97,"column":24},"end":{"line":99,"column":13}},"40":{"start":{"line":101,"column":25},"end":{"line":104,"column":13}},"41":{"start":{"line":106,"column":4},"end":{"line":109,"column":6}},"42":{"start":{"line":113,"column":31},"end":{"line":113,"column":66}},"43":{"start":{"line":114,"column":4},"end":{"line":117,"column":7}},"44":{"start":{"line":9,"column":13},"end":{"line":9,"column":24}},"45":{"start":{"line":9,"column":13},"end":{"line":119,"column":null}}},"fnMap":{"0":{"name":"(anonymous_11)","decl":{"start":{"line":10,"column":2},"end":{"line":10,"column":null}},"loc":{"start":{"line":13,"column":49},"end":{"line":14,"column":6}}},"1":{"name":"(anonymous_12)","decl":{"start":{"line":16,"column":2},"end":{"line":16,"column":7}},"loc":{"start":{"line":16,"column":45},"end":{"line":32,"column":3}}},"2":{"name":"(anonymous_13)","decl":{"start":{"line":34,"column":2},"end":{"line":34,"column":7}},"loc":{"start":{"line":34,"column":52},"end":{"line":48,"column":3}}},"3":{"name":"(anonymous_14)","decl":{"start":{"line":50,"column":2},"end":{"line":50,"column":7}},"loc":{"start":{"line":50,"column":49},"end":{"line":54,"column":3}}},"4":{"name":"(anonymous_15)","decl":{"start":{"line":56,"column":2},"end":{"line":56,"column":7}},"loc":{"start":{"line":56,"column":19},"end":{"line":58,"column":3}}},"5":{"name":"(anonymous_16)","decl":{"start":{"line":60,"column":2},"end":{"line":60,"column":7}},"loc":{"start":{"line":60,"column":58},"end":{"line":76,"column":3}}},"6":{"name":"(anonymous_17)","decl":{"start":{"line":78,"column":2},"end":{"line":78,"column":7}},"loc":{"start":{"line":78,"column":47},"end":{"line":86,"column":3}}},"7":{"name":"(anonymous_18)","decl":{"start":{"line":88,"column":2},"end":{"line":88,"column":7}},"loc":{"start":{"line":88,"column":29},"end":{"line":93,"column":3}}},"8":{"name":"(anonymous_19)","decl":{"start":{"line":95,"column":2},"end":{"line":95,"column":7}},"loc":{"start":{"line":95,"column":47},"end":{"line":110,"column":3}}},"9":{"name":"(anonymous_20)","decl":{"start":{"line":112,"column":2},"end":{"line":112,"column":7}},"loc":{"start":{"line":112,"column":63},"end":{"line":118,"column":3}}}},"branchMap":{"0":{"loc":{"start":{"line":20,"column":4},"end":{"line":22,"column":5}},"type":"if","locations":[{"start":{"line":20,"column":4},"end":{"line":22,"column":5}},{"start":{},"end":{}}]},"1":{"loc":{"start":{"line":38,"column":4},"end":{"line":40,"column":5}},"type":"if","locations":[{"start":{"line":38,"column":4},"end":{"line":40,"column":5}},{"start":{},"end":{}}]},"2":{"loc":{"start":{"line":43,"column":4},"end":{"line":45,"column":5}},"type":"if","locations":[{"start":{"line":43,"column":4},"end":{"line":45,"column":5}},{"start":{},"end":{}}]},"3":{"loc":{"start":{"line":64,"column":4},"end":{"line":66,"column":5}},"type":"if","locations":[{"start":{"line":64,"column":4},"end":{"line":66,"column":5}},{"start":{},"end":{}}]},"4":{"loc":{"start":{"line":64,"column":8},"end":{"line":64,"column":41}},"type":"binary-expr","locations":[{"start":{"line":64,"column":8},"end":{"line":64,"column":13}},{"start":{"line":64,"column":17},"end":{"line":64,"column":41}}]},"5":{"loc":{"start":{"line":69,"column":4},"end":{"line":71,"column":5}},"type":"if","locations":[{"start":{"line":69,"column":4},"end":{"line":71,"column":5}},{"start":{},"end":{}}]},"6":{"loc":{"start":{"line":81,"column":16},"end":{"line":81,"column":94}},"type":"binary-expr","locations":[{"start":{"line":81,"column":16},"end":{"line":81,"column":74}},{"start":{"line":81,"column":78},"end":{"line":81,"column":94}}]},"7":{"loc":{"start":{"line":98,"column":17},"end":{"line":98,"column":87}},"type":"binary-expr","locations":[{"start":{"line":98,"column":17},"end":{"line":98,"column":78}},{"start":{"line":98,"column":82},"end":{"line":98,"column":87}}]},"8":{"loc":{"start":{"line":102,"column":14},"end":{"line":102,"column":92}},"type":"binary-expr","locations":[{"start":{"line":102,"column":14},"end":{"line":102,"column":72}},{"start":{"line":102,"column":76},"end":{"line":102,"column":92}}]},"9":{"loc":{"start":{"line":103,"column":17},"end":{"line":103,"column":87}},"type":"binary-expr","locations":[{"start":{"line":103,"column":17},"end":{"line":103,"column":79}},{"start":{"line":103,"column":83},"end":{"line":103,"column":87}}]},"10":{"loc":{"start":{"line":11,"column":29},"end":{"line":11,"column":null}},"type":"cond-expr","locations":[{"start":{"line":11,"column":42},"end":{"line":11,"column":null}},{"start":{"line":11,"column":42},"end":{"line":11,"column":null}}]},"11":{"loc":{"start":{"line":11,"column":29},"end":{"line":11,"column":42}},"type":"binary-expr","locations":[{"start":{"line":11,"column":29},"end":{"line":11,"column":null}},{"start":{"line":11,"column":29},"end":{"line":11,"column":42}}]},"12":{"loc":{"start":{"line":11,"column":42},"end":{"line":12,"column":null}},"type":"cond-expr","locations":[{"start":{"line":12,"column":43},"end":{"line":12,"column":null}},{"start":{"line":12,"column":43},"end":{"line":12,"column":null}}]},"13":{"loc":{"start":{"line":11,"column":42},"end":{"line":12,"column":43}},"type":"binary-expr","locations":[{"start":{"line":11,"column":42},"end":{"line":12,"column":null}},{"start":{"line":12,"column":33},"end":{"line":12,"column":43}}]},"14":{"loc":{"start":{"line":12,"column":43},"end":{"line":13,"column":null}},"type":"cond-expr","locations":[{"start":{"line":13,"column":49},"end":{"line":13,"column":null}},{"start":{"line":13,"column":49},"end":{"line":13,"column":null}}]},"15":{"loc":{"start":{"line":12,"column":43},"end":{"line":13,"column":49}},"type":"binary-expr","locations":[{"start":{"line":12,"column":43},"end":{"line":13,"column":null}},{"start":{"line":13,"column":36},"end":{"line":13,"column":49}}]}},"s":{"0":0,"1":0,"2":0,"3":0,"4":0,"5":0,"6":0,"7":0,"8":0,"9":0,"10":0,"11":0,"12":0,"13":0,"14":0,"15":0,"16":0,"17":0,"18":0,"19":0,"20":0,"21":0,"22":0,"23":0,"24":0,"25":0,"26":0,"27":0,"28":0,"29":0,"30":0,"31":0,"32":0,"33":0,"34":0,"35":0,"36":0,"37":0,"38":0,"39":0,"40":0,"41":0,"42":0,"43":0,"44":0,"45":0},"f":{"0":0,"1":0,"2":0,"3":0,"4":0,"5":0,"6":0,"7":0,"8":0,"9":0},"b":{"0":[0,0],"1":[0,0],"2":[0,0],"3":[0,0],"4":[0,0],"5":[0,0],"6":[0,0],"7":[0,0],"8":[0,0],"9":[0,0],"10":[0,0],"11":[0,0],"12":[0,0],"13":[0,0],"14":[0,0],"15":[0,0]}}
,"C:\\Users\\ornit\\Documents\\EscApp\\Git\\EscApp\\backend\\src\\auth\\jwt-auth.guard.ts": {"path":"C:\\Users\\ornit\\Documents\\EscApp\\Git\\EscApp\\backend\\src\\auth\\jwt-auth.guard.ts","statementMap":{"0":{"start":{"line":1,"column":0},"end":{"line":1,"column":45}},"1":{"start":{"line":3,"column":0},"end":{"line":3,"column":13}}},"fnMap":{},"branchMap":{},"s":{"0":0,"1":0},"f":{},"b":{}}
,"C:\\Users\\ornit\\Documents\\EscApp\\Git\\EscApp\\backend\\src\\auth\\jwt.strategy.ts": {"path":"C:\\Users\\ornit\\Documents\\EscApp\\Git\\EscApp\\backend\\src\\auth\\jwt.strategy.ts","statementMap":{"0":{"start":{"line":1,"column":0},"end":{"line":1,"column":67}},"1":{"start":{"line":2,"column":0},"end":{"line":2,"column":52}},"2":{"start":{"line":3,"column":0},"end":{"line":3,"column":52}},"3":{"start":{"line":4,"column":0},"end":{"line":4,"column":47}},"4":{"start":{"line":5,"column":0},"end":{"line":5,"column":57}},"5":{"start":{"line":8,"column":7},"end":{"line":26,"column":null}},"6":{"start":{"line":10,"column":4},"end":{"line":14,"column":7}},"7":{"start":{"line":9,"column":61},"end":{"line":9,"column":69}},"8":{"start":{"line":18,"column":17},"end":{"line":20,"column":6}},"9":{"start":{"line":21,"column":4},"end":{"line":23,"column":5}},"10":{"start":{"line":22,"column":6},"end":{"line":22,"column":40}},"11":{"start":{"line":24,"column":4},"end":{"line":24,"column":84}},"12":{"start":{"line":8,"column":13},"end":{"line":8,"column":24}},"13":{"start":{"line":8,"column":13},"end":{"line":26,"column":null}}},"fnMap":{"0":{"name":"(anonymous_2)","decl":{"start":{"line":9,"column":2},"end":{"line":9,"column":14}},"loc":{"start":{"line":9,"column":82},"end":{"line":15,"column":3}}},"1":{"name":"(anonymous_3)","decl":{"start":{"line":17,"column":2},"end":{"line":17,"column":7}},"loc":{"start":{"line":17,"column":56},"end":{"line":25,"column":3}}}},"branchMap":{"0":{"loc":{"start":{"line":13,"column":19},"end":{"line":13,"column":90}},"type":"binary-expr","locations":[{"start":{"line":13,"column":19},"end":{"line":13,"column":71}},{"start":{"line":13,"column":75},"end":{"line":13,"column":90}}]},"1":{"loc":{"start":{"line":21,"column":4},"end":{"line":23,"column":5}},"type":"if","locations":[{"start":{"line":21,"column":4},"end":{"line":23,"column":5}},{"start":{},"end":{}}]},"2":{"loc":{"start":{"line":9,"column":29},"end":{"line":9,"column":61}},"type":"cond-expr","locations":[{"start":{"line":9,"column":42},"end":{"line":9,"column":61}},{"start":{"line":9,"column":42},"end":{"line":9,"column":61}}]},"3":{"loc":{"start":{"line":9,"column":29},"end":{"line":9,"column":42}},"type":"binary-expr","locations":[{"start":{"line":9,"column":29},"end":{"line":9,"column":61}},{"start":{"line":9,"column":29},"end":{"line":9,"column":42}}]},"4":{"loc":{"start":{"line":9,"column":42},"end":{"line":9,"column":null}},"type":"cond-expr","locations":[{"start":{"line":9,"column":82},"end":{"line":9,"column":null}},{"start":{"line":9,"column":82},"end":{"line":9,"column":null}}]},"5":{"loc":{"start":{"line":9,"column":42},"end":{"line":9,"column":82}},"type":"binary-expr","locations":[{"start":{"line":9,"column":42},"end":{"line":9,"column":null}},{"start":{"line":9,"column":69},"end":{"line":9,"column":82}}]}},"s":{"0":0,"1":0,"2":0,"3":0,"4":0,"5":0,"6":0,"7":0,"8":0,"9":0,"10":0,"11":0,"12":0,"13":0},"f":{"0":0,"1":0},"b":{"0":[0,0],"1":[0,0],"2":[0,0],"3":[0,0],"4":[0,0],"5":[0,0]}}
,"C:\\Users\\ornit\\Documents\\EscApp\\Git\\EscApp\\backend\\src\\auth\\role.enum.ts": {"path":"C:\\Users\\ornit\\Documents\\EscApp\\Git\\EscApp\\backend\\src\\auth\\role.enum.ts","statementMap":{"0":{"start":{"line":1,"column":0},"end":{"line":1,"column":null}},"1":{"start":{"line":2,"column":2},"end":{"line":2,"column":null}},"2":{"start":{"line":3,"column":2},"end":{"line":3,"column":null}}},"fnMap":{"0":{"name":"(anonymous_0)","decl":{"start":{"line":1,"column":0},"end":{"line":1,"column":12}},"loc":{"start":{"line":1,"column":16},"end":{"line":4,"column":1}}}},"branchMap":{"0":{"loc":{"start":{"line":1,"column":12},"end":{"line":1,"column":null}},"type":"binary-expr","locations":[{"start":{"line":1,"column":12},"end":{"line":1,"column":16}},{"start":{"line":1,"column":16},"end":{"line":1,"column":null}}]}},"s":{"0":0,"1":0,"2":0},"f":{"0":0},"b":{"0":[0,0]}}
,"C:\\Users\\ornit\\Documents\\EscApp\\Git\\EscApp\\backend\\src\\auth\\roles.decorator.ts": {"path":"C:\\Users\\ornit\\Documents\\EscApp\\Git\\EscApp\\backend\\src\\auth\\roles.decorator.ts","statementMap":{"0":{"start":{"line":1,"column":0},"end":{"line":1,"column":45}},"1":{"start":{"line":4,"column":13},"end":{"line":4,"column":33}},"2":{"start":{"line":5,"column":21},"end":{"line":5,"column":72}},"3":{"start":{"line":5,"column":43},"end":{"line":5,"column":72}},"4":{"start":{"line":5,"column":13},"end":{"line":5,"column":21}}},"fnMap":{"0":{"name":"(anonymous_0)","decl":{"start":{"line":5,"column":21},"end":{"line":5,"column":22}},"loc":{"start":{"line":5,"column":43},"end":{"line":5,"column":72}}}},"branchMap":{},"s":{"0":0,"1":0,"2":0,"3":0,"4":0},"f":{"0":0},"b":{}}
,"C:\\Users\\ornit\\Documents\\EscApp\\Git\\EscApp\\backend\\src\\auth\\roles.guard.ts": {"path":"C:\\Users\\ornit\\Documents\\EscApp\\Git\\EscApp\\backend\\src\\auth\\roles.guard.ts","statementMap":{"0":{"start":{"line":1,"column":0},"end":{"line":1,"column":75}},"1":{"start":{"line":2,"column":0},"end":{"line":2,"column":41}},"2":{"start":{"line":3,"column":0},"end":{"line":3,"column":46}},"3":{"start":{"line":7,"column":7},"end":{"line":22,"column":null}},"4":{"start":{"line":8,"column":22},"end":{"line":8,"column":33}},"5":{"start":{"line":11,"column":26},"end":{"line":12,"column":63}},"6":{"start":{"line":14,"column":4},"end":{"line":16,"column":5}},"7":{"start":{"line":15,"column":6},"end":{"line":15,"column":18}},"8":{"start":{"line":18,"column":20},"end":{"line":18,"column":55}},"9":{"start":{"line":19,"column":17},"end":{"line":19,"column":29}},"10":{"start":{"line":20,"column":4},"end":{"line":20,"column":53}},"11":{"start":{"line":7,"column":13},"end":{"line":7,"column":23}},"12":{"start":{"line":7,"column":13},"end":{"line":22,"column":null}}},"fnMap":{"0":{"name":"(anonymous_2)","decl":{"start":{"line":8,"column":2},"end":{"line":8,"column":22}},"loc":{"start":{"line":8,"column":42},"end":{"line":8,"column":46}}},"1":{"name":"(anonymous_3)","decl":{"start":{"line":10,"column":2},"end":{"line":10,"column":7}},"loc":{"start":{"line":10,"column":45},"end":{"line":21,"column":3}}}},"branchMap":{"0":{"loc":{"start":{"line":11,"column":26},"end":{"line":12,"column":63}},"type":"binary-expr","locations":[{"start":{"line":11,"column":26},"end":{"line":11,"column":85}},{"start":{"line":12,"column":6},"end":{"line":12,"column":63}}]},"1":{"loc":{"start":{"line":14,"column":4},"end":{"line":16,"column":5}},"type":"if","locations":[{"start":{"line":14,"column":4},"end":{"line":16,"column":5}},{"start":{},"end":{}}]},"2":{"loc":{"start":{"line":14,"column":8},"end":{"line":14,"column":52}},"type":"binary-expr","locations":[{"start":{"line":14,"column":8},"end":{"line":14,"column":22}},{"start":{"line":14,"column":26},"end":{"line":14,"column":52}}]},"3":{"loc":{"start":{"line":20,"column":11},"end":{"line":20,"column":52}},"type":"binary-expr","locations":[{"start":{"line":20,"column":11},"end":{"line":20,"column":15}},{"start":{"line":20,"column":19},"end":{"line":20,"column":52}}]},"4":{"loc":{"start":{"line":8,"column":33},"end":{"line":8,"column":45}},"type":"cond-expr","locations":[{"start":{"line":8,"column":42},"end":{"line":8,"column":45}},{"start":{"line":8,"column":42},"end":{"line":8,"column":45}}]},"5":{"loc":{"start":{"line":8,"column":33},"end":{"line":8,"column":42}},"type":"binary-expr","locations":[{"start":{"line":8,"column":33},"end":{"line":8,"column":45}},{"start":{"line":8,"column":33},"end":{"line":8,"column":42}}]}},"s":{"0":0,"1":0,"2":0,"3":0,"4":0,"5":0,"6":0,"7":0,"8":0,"9":0,"10":0,"11":0,"12":0},"f":{"0":0,"1":0},"b":{"0":[0,0],"1":[0,0],"2":[0,0],"3":[0,0],"4":[0,0],"5":[0,0]}}
,"C:\\Users\\ornit\\Documents\\EscApp\\Git\\EscApp\\backend\\src\\auth\\dto\\login.dto.ts": {"path":"C:\\Users\\ornit\\Documents\\EscApp\\Git\\EscApp\\backend\\src\\auth\\dto\\login.dto.ts","statementMap":{"0":{"start":{"line":1,"column":0},"end":{"line":1,"column":63}},"1":{"start":{"line":3,"column":0},"end":{"line":3,"column":13}},"2":{"start":{"line":5,"column":2},"end":{"line":5,"column":null}},"3":{"start":{"line":9,"column":2},"end":{"line":9,"column":null}}},"fnMap":{},"branchMap":{},"s":{"0":0,"1":0,"2":0,"3":0},"f":{},"b":{}}
,"C:\\Users\\ornit\\Documents\\EscApp\\Git\\EscApp\\backend\\src\\auth\\dto\\refresh-token.dto.ts": {"path":"C:\\Users\\ornit\\Documents\\EscApp\\Git\\EscApp\\backend\\src\\auth\\dto\\refresh-token.dto.ts","statementMap":{"0":{"start":{"line":1,"column":0},"end":{"line":1,"column":43}},"1":{"start":{"line":3,"column":0},"end":{"line":3,"column":13}},"2":{"start":{"line":5,"column":2},"end":{"line":5,"column":null}}},"fnMap":{},"branchMap":{},"s":{"0":0,"1":0,"2":0},"f":{},"b":{}}
,"C:\\Users\\ornit\\Documents\\EscApp\\Git\\EscApp\\backend\\src\\auth\\dto\\register.dto.ts": {"path":"C:\\Users\\ornit\\Documents\\EscApp\\Git\\EscApp\\backend\\src\\auth\\dto\\register.dto.ts","statementMap":{"0":{"start":{"line":1,"column":0},"end":{"line":1,"column":87}},"1":{"start":{"line":3,"column":0},"end":{"line":3,"column":13}},"2":{"start":{"line":5,"column":2},"end":{"line":5,"column":null}},"3":{"start":{"line":9,"column":2},"end":{"line":9,"column":null}},"4":{"start":{"line":13,"column":2},"end":{"line":13,"column":null}}},"fnMap":{},"branchMap":{},"s":{"0":0,"1":0,"2":0,"3":0,"4":0},"f":{},"b":{}}
,"C:\\Users\\ornit\\Documents\\EscApp\\Git\\EscApp\\backend\\src\\game-session\\game-session.controller.ts": {"path":"C:\\Users\\ornit\\Documents\\EscApp\\Git\\EscApp\\backend\\src\\game-session\\game-session.controller.ts","statementMap":{"0":{"start":{"line":1,"column":0},"end":{"line":1,"column":75}},"1":{"start":{"line":2,"column":0},"end":{"line":2,"column":60}},"2":{"start":{"line":3,"column":0},"end":{"line":3,"column":69}},"3":{"start":{"line":4,"column":0},"end":{"line":4,"column":65}},"4":{"start":{"line":7,"column":7},"end":{"line":48,"column":null}},"5":{"start":{"line":8,"column":31},"end":{"line":8,"column":51}},"6":{"start":{"line":12,"column":4},"end":{"line":12,"column":75}},"7":{"start":{"line":17,"column":4},"end":{"line":17,"column":50}},"8":{"start":{"line":22,"column":4},"end":{"line":22,"column":64}},"9":{"start":{"line":27,"column":4},"end":{"line":27,"column":64}},"10":{"start":{"line":32,"column":4},"end":{"line":32,"column":50}},"11":{"start":{"line":37,"column":20},"end":{"line":37,"column":64}},"12":{"start":{"line":38,"column":4},"end":{"line":41,"column":6}},"13":{"start":{"line":46,"column":4},"end":{"line":46,"column":72}},"14":{"start":{"line":7,"column":13},"end":{"line":7,"column":34}},"15":{"start":{"line":11,"column":2},"end":{"line":13,"column":null}},"16":{"start":{"line":16,"column":2},"end":{"line":18,"column":null}},"17":{"start":{"line":21,"column":2},"end":{"line":23,"column":null}},"18":{"start":{"line":26,"column":2},"end":{"line":28,"column":null}},"19":{"start":{"line":31,"column":2},"end":{"line":33,"column":null}},"20":{"start":{"line":36,"column":8},"end":{"line":42,"column":null}},"21":{"start":{"line":45,"column":2},"end":{"line":47,"column":null}},"22":{"start":{"line":7,"column":13},"end":{"line":48,"column":null}}},"fnMap":{"0":{"name":"(anonymous_4)","decl":{"start":{"line":8,"column":2},"end":{"line":8,"column":31}},"loc":{"start":{"line":8,"column":69},"end":{"line":8,"column":73}}},"1":{"name":"(anonymous_5)","decl":{"start":{"line":11,"column":2},"end":{"line":11,"column":8}},"loc":{"start":{"line":11,"column":42},"end":{"line":13,"column":3}}},"2":{"name":"(anonymous_6)","decl":{"start":{"line":16,"column":2},"end":{"line":16,"column":9}},"loc":{"start":{"line":16,"column":9},"end":{"line":18,"column":3}}},"3":{"name":"(anonymous_7)","decl":{"start":{"line":21,"column":2},"end":{"line":21,"column":13}},"loc":{"start":{"line":21,"column":47},"end":{"line":23,"column":3}}},"4":{"name":"(anonymous_8)","decl":{"start":{"line":26,"column":2},"end":{"line":26,"column":13}},"loc":{"start":{"line":26,"column":47},"end":{"line":28,"column":3}}},"5":{"name":"(anonymous_9)","decl":{"start":{"line":31,"column":2},"end":{"line":31,"column":9}},"loc":{"start":{"line":31,"column":33},"end":{"line":33,"column":3}}},"6":{"name":"(anonymous_10)","decl":{"start":{"line":36,"column":8},"end":{"line":36,"column":21}},"loc":{"start":{"line":36,"column":45},"end":{"line":42,"column":3}}},"7":{"name":"(anonymous_11)","decl":{"start":{"line":45,"column":2},"end":{"line":45,"column":12}},"loc":{"start":{"line":45,"column":69},"end":{"line":47,"column":3}}}},"branchMap":{"0":{"loc":{"start":{"line":11,"column":22},"end":{"line":11,"column":null}},"type":"cond-expr","locations":[{"start":{"line":11,"column":42},"end":{"line":11,"column":null}},{"start":{"line":11,"column":42},"end":{"line":11,"column":null}}]},"1":{"loc":{"start":{"line":11,"column":22},"end":{"line":11,"column":42}},"type":"binary-expr","locations":[{"start":{"line":11,"column":22},"end":{"line":11,"column":null}},{"start":{"line":11,"column":22},"end":{"line":11,"column":42}}]},"2":{"loc":{"start":{"line":45,"column":51},"end":{"line":45,"column":null}},"type":"cond-expr","locations":[{"start":{"line":45,"column":69},"end":{"line":45,"column":null}},{"start":{"line":45,"column":69},"end":{"line":45,"column":null}}]},"3":{"loc":{"start":{"line":45,"column":51},"end":{"line":45,"column":69}},"type":"binary-expr","locations":[{"start":{"line":45,"column":51},"end":{"line":45,"column":null}},{"start":{"line":45,"column":51},"end":{"line":45,"column":69}}]},"4":{"loc":{"start":{"line":8,"column":51},"end":{"line":8,"column":72}},"type":"cond-expr","locations":[{"start":{"line":8,"column":69},"end":{"line":8,"column":72}},{"start":{"line":8,"column":69},"end":{"line":8,"column":72}}]},"5":{"loc":{"start":{"line":8,"column":51},"end":{"line":8,"column":69}},"type":"binary-expr","locations":[{"start":{"line":8,"column":51},"end":{"line":8,"column":72}},{"start":{"line":8,"column":51},"end":{"line":8,"column":69}}]}},"s":{"0":0,"1":0,"2":0,"3":0,"4":0,"5":0,"6":0,"7":0,"8":0,"9":0,"10":0,"11":0,"12":0,"13":0,"14":0,"15":0,"16":0,"17":0,"18":0,"19":0,"20":0,"21":0,"22":0},"f":{"0":0,"1":0,"2":0,"3":0,"4":0,"5":0,"6":0,"7":0},"b":{"0":[0,0],"1":[0,0],"2":[0,0],"3":[0,0],"4":[0,0],"5":[0,0]}}
,"C:\\Users\\ornit\\Documents\\EscApp\\Git\\EscApp\\backend\\src\\game-session\\game-session.module.ts": {"path":"C:\\Users\\ornit\\Documents\\EscApp\\Git\\EscApp\\backend\\src\\game-session\\game-session.module.ts","statementMap":{"0":{"start":{"line":1,"column":0},"end":{"line":1,"column":40}},"1":{"start":{"line":2,"column":0},"end":{"line":2,"column":60}},"2":{"start":{"line":3,"column":0},"end":{"line":3,"column":66}},"3":{"start":{"line":9,"column":7},"end":{"line":9,"column":null}},"4":{"start":{"line":9,"column":13},"end":{"line":9,"column":30}},"5":{"start":{"line":9,"column":13},"end":{"line":9,"column":null}}},"fnMap":{},"branchMap":{},"s":{"0":0,"1":0,"2":0,"3":0,"4":0,"5":0},"f":{},"b":{}}
,"C:\\Users\\ornit\\Documents\\EscApp\\Git\\EscApp\\backend\\src\\game-session\\game-session.service.ts": {"path":"C:\\Users\\ornit\\Documents\\EscApp\\Git\\EscApp\\backend\\src\\game-session\\game-session.service.ts","statementMap":{"0":{"start":{"line":1,"column":0},"end":{"line":1,"column":84}},"1":{"start":{"line":2,"column":0},"end":{"line":2,"column":57}},"2":{"start":{"line":3,"column":0},"end":{"line":3,"column":48}},"3":{"start":{"line":5,"column":57},"end":{"line":14,"column":2}},"4":{"start":{"line":17,"column":7},"end":{"line":86,"column":null}},"5":{"start":{"line":18,"column":31},"end":{"line":18,"column":39}},"6":{"start":{"line":21,"column":4},"end":{"line":26,"column":7}},"7":{"start":{"line":30,"column":20},"end":{"line":32,"column":6}},"8":{"start":{"line":33,"column":4},"end":{"line":35,"column":5}},"9":{"start":{"line":34,"column":6},"end":{"line":34,"column":65}},"10":{"start":{"line":36,"column":4},"end":{"line":36,"column":19}},"11":{"start":{"line":40,"column":4},"end":{"line":40,"column":46}},"12":{"start":{"line":44,"column":4},"end":{"line":46,"column":7}},"13":{"start":{"line":50,"column":4},"end":{"line":52,"column":7}},"14":{"start":{"line":56,"column":4},"end":{"line":56,"column":48}},"15":{"start":{"line":60,"column":20},"end":{"line":60,"column":45}},"16":{"start":{"line":61,"column":26},"end":{"line":61,"column":64}},"17":{"start":{"line":63,"column":4},"end":{"line":67,"column":5}},"18":{"start":{"line":64,"column":6},"end":{"line":66,"column":8}},"19":{"start":{"line":69,"column":73},"end":{"line":71,"column":6}},"20":{"start":{"line":73,"column":4},"end":{"line":75,"column":5}},"21":{"start":{"line":74,"column":6},"end":{"line":74,"column":34}},"22":{"start":{"line":77,"column":4},"end":{"line":79,"column":5}},"23":{"start":{"line":78,"column":6},"end":{"line":78,"column":32}},"24":{"start":{"line":81,"column":4},"end":{"line":84,"column":7}},"25":{"start":{"line":17,"column":13},"end":{"line":17,"column":31}},"26":{"start":{"line":17,"column":13},"end":{"line":86,"column":null}}},"fnMap":{"0":{"name":"(anonymous_2)","decl":{"start":{"line":18,"column":2},"end":{"line":18,"column":31}},"loc":{"start":{"line":18,"column":52},"end":{"line":18,"column":56}}},"1":{"name":"(anonymous_3)","decl":{"start":{"line":20,"column":2},"end":{"line":20,"column":7}},"loc":{"start":{"line":20,"column":54},"end":{"line":27,"column":3}}},"2":{"name":"(anonymous_4)","decl":{"start":{"line":29,"column":2},"end":{"line":29,"column":7}},"loc":{"start":{"line":29,"column":29},"end":{"line":37,"column":3}}},"3":{"name":"(anonymous_5)","decl":{"start":{"line":39,"column":2},"end":{"line":39,"column":7}},"loc":{"start":{"line":39,"column":20},"end":{"line":41,"column":3}}},"4":{"name":"(anonymous_6)","decl":{"start":{"line":43,"column":2},"end":{"line":43,"column":7}},"loc":{"start":{"line":43,"column":43},"end":{"line":47,"column":3}}},"5":{"name":"(anonymous_7)","decl":{"start":{"line":49,"column":2},"end":{"line":49,"column":7}},"loc":{"start":{"line":49,"column":43},"end":{"line":53,"column":3}}},"6":{"name":"(anonymous_8)","decl":{"start":{"line":55,"column":2},"end":{"line":55,"column":20}},"loc":{"start":{"line":55,"column":44},"end":{"line":57,"column":3}}},"7":{"name":"(anonymous_9)","decl":{"start":{"line":59,"column":2},"end":{"line":59,"column":7}},"loc":{"start":{"line":59,"column":58},"end":{"line":85,"column":3}}}},"branchMap":{"0":{"loc":{"start":{"line":33,"column":4},"end":{"line":35,"column":5}},"type":"if","locations":[{"start":{"line":33,"column":4},"end":{"line":35,"column":5}},{"start":{},"end":{}}]},"1":{"loc":{"start":{"line":56,"column":11},"end":{"line":56,"column":47}},"type":"binary-expr","locations":[{"start":{"line":56,"column":11},"end":{"line":56,"column":41}},{"start":{"line":56,"column":45},"end":{"line":56,"column":47}}]},"2":{"loc":{"start":{"line":63,"column":4},"end":{"line":67,"column":5}},"type":"if","locations":[{"start":{"line":63,"column":4},"end":{"line":67,"column":5}},{"start":{},"end":{}}]},"3":{"loc":{"start":{"line":73,"column":4},"end":{"line":75,"column":5}},"type":"if","locations":[{"start":{"line":73,"column":4},"end":{"line":75,"column":5}},{"start":{},"end":{}}]},"4":{"loc":{"start":{"line":73,"column":8},"end":{"line":73,"column":80}},"type":"binary-expr","locations":[{"start":{"line":73,"column":8},"end":{"line":73,"column":43}},{"start":{"line":73,"column":47},"end":{"line":73,"column":80}}]},"5":{"loc":{"start":{"line":77,"column":4},"end":{"line":79,"column":5}},"type":"if","locations":[{"start":{"line":77,"column":4},"end":{"line":79,"column":5}},{"start":{},"end":{}}]},"6":{"loc":{"start":{"line":77,"column":8},"end":{"line":77,"column":79}},"type":"binary-expr","locations":[{"start":{"line":77,"column":8},"end":{"line":77,"column":43}},{"start":{"line":77,"column":47},"end":{"line":77,"column":79}}]},"7":{"loc":{"start":{"line":18,"column":39},"end":{"line":18,"column":55}},"type":"cond-expr","locations":[{"start":{"line":18,"column":52},"end":{"line":18,"column":55}},{"start":{"line":18,"column":52},"end":{"line":18,"column":55}}]},"8":{"loc":{"start":{"line":18,"column":39},"end":{"line":18,"column":52}},"type":"binary-expr","locations":[{"start":{"line":18,"column":39},"end":{"line":18,"column":55}},{"start":{"line":18,"column":39},"end":{"line":18,"column":52}}]}},"s":{"0":0,"1":0,"2":0,"3":0,"4":0,"5":0,"6":0,"7":0,"8":0,"9":0,"10":0,"11":0,"12":0,"13":0,"14":0,"15":0,"16":0,"17":0,"18":0,"19":0,"20":0,"21":0,"22":0,"23":0,"24":0,"25":0,"26":0},"f":{"0":0,"1":0,"2":0,"3":0,"4":0,"5":0,"6":0,"7":0},"b":{"0":[0,0],"1":[0,0],"2":[0,0],"3":[0,0],"4":[0,0],"5":[0,0],"6":[0,0],"7":[0,0],"8":[0,0]}}
,"C:\\Users\\ornit\\Documents\\EscApp\\Git\\EscApp\\backend\\src\\game-session\\dto\\create-game-session.dto.ts": {"path":"C:\\Users\\ornit\\Documents\\EscApp\\Git\\EscApp\\backend\\src\\game-session\\dto\\create-game-session.dto.ts","statementMap":{"0":{"start":{"line":1,"column":0},"end":{"line":1,"column":41}},"1":{"start":{"line":3,"column":0},"end":{"line":3,"column":13}},"2":{"start":{"line":5,"column":2},"end":{"line":5,"column":null}},"3":{"start":{"line":8,"column":2},"end":{"line":8,"column":null}}},"fnMap":{},"branchMap":{},"s":{"0":0,"1":0,"2":0,"3":0},"f":{},"b":{}}
,"C:\\Users\\ornit\\Documents\\EscApp\\Git\\EscApp\\backend\\src\\game-session\\dto\\update-game-state.dto.ts": {"path":"C:\\Users\\ornit\\Documents\\EscApp\\Git\\EscApp\\backend\\src\\game-session\\dto\\update-game-state.dto.ts","statementMap":{"0":{"start":{"line":1,"column":0},"end":{"line":1,"column":41}},"1":{"start":{"line":2,"column":0},"end":{"line":2,"column":51}},"2":{"start":{"line":4,"column":0},"end":{"line":4,"column":13}},"3":{"start":{"line":6,"column":2},"end":{"line":6,"column":null}}},"fnMap":{},"branchMap":{"0":{"loc":{"start":{"line":6,"column":16},"end":{"line":6,"column":26}},"type":"cond-expr","locations":[{"start":{"line":6,"column":25},"end":{"line":6,"column":26}},{"start":{"line":6,"column":25},"end":{"line":6,"column":26}}]},"1":{"loc":{"start":{"line":6,"column":16},"end":{"line":6,"column":25}},"type":"binary-expr","locations":[{"start":{"line":6,"column":16},"end":{"line":6,"column":26}},{"start":{"line":6,"column":16},"end":{"line":6,"column":25}}]}},"s":{"0":0,"1":0,"2":0,"3":0},"f":{},"b":{"0":[0,0],"1":[0,0]}}
,"C:\\Users\\ornit\\Documents\\EscApp\\Git\\EscApp\\backend\\src\\prisma\\prisma.module.ts": {"path":"C:\\Users\\ornit\\Documents\\EscApp\\Git\\EscApp\\backend\\src\\prisma\\prisma.module.ts","statementMap":{"0":{"start":{"line":1,"column":0},"end":{"line":1,"column":48}},"1":{"start":{"line":2,"column":0},"end":{"line":2,"column":49}},"2":{"start":{"line":9,"column":7},"end":{"line":9,"column":null}},"3":{"start":{"line":9,"column":13},"end":{"line":9,"column":25}},"4":{"start":{"line":9,"column":13},"end":{"line":9,"column":null}}},"fnMap":{},"branchMap":{},"s":{"0":0,"1":0,"2":0,"3":0,"4":0},"f":{},"b":{}}
,"C:\\Users\\ornit\\Documents\\EscApp\\Git\\EscApp\\backend\\src\\prisma\\prisma.service.ts": {"path":"C:\\Users\\ornit\\Documents\\EscApp\\Git\\EscApp\\backend\\src\\prisma\\prisma.service.ts","statementMap":{"0":{"start":{"line":1,"column":0},"end":{"line":1,"column":75}},"1":{"start":{"line":2,"column":0},"end":{"line":2,"column":46}},"2":{"start":{"line":5,"column":7},"end":{"line":13,"column":null}},"3":{"start":{"line":7,"column":4},"end":{"line":7,"column":26}},"4":{"start":{"line":11,"column":4},"end":{"line":11,"column":29}},"5":{"start":{"line":5,"column":13},"end":{"line":5,"column":26}},"6":{"start":{"line":5,"column":13},"end":{"line":13,"column":null}}},"fnMap":{"0":{"name":"(anonymous_1)","decl":{"start":{"line":6,"column":2},"end":{"line":6,"column":7}},"loc":{"start":{"line":6,"column":20},"end":{"line":8,"column":3}}},"1":{"name":"(anonymous_2)","decl":{"start":{"line":10,"column":2},"end":{"line":10,"column":7}},"loc":{"start":{"line":10,"column":23},"end":{"line":12,"column":3}}}},"branchMap":{},"s":{"0":0,"1":0,"2":0,"3":0,"4":0,"5":0,"6":0},"f":{"0":0,"1":0},"b":{}}
}
